INFO:__main__:
get_file_len executed in: 0.1979072093963623 seconds

DEBUG:urllib3.connectionpool:Starting new HTTPS connection (1): raw.githubusercontent.com:443
DEBUG:urllib3.connectionpool:https://raw.githubusercontent.com:443 "GET /explosion/spacy-models/master/compatibility.json HTTP/1.1" 200 4351
INFO:__main__:
get_spacy_model executed in: 4.603431940078735 seconds

INFO:__main__:
 [INFO] Running the SpaCy POS tagger for the model en_core_web_sm. 

INFO:__main__:
get_file_len executed in: 0.04137587547302246 seconds

INFO:__main__:
spacy_pos_tagger executed in: 310.6071858406067 seconds

INFO:__main__:[INFO] Reading POS data for evaluation.
INFO:__main__:[INFO] Classification report for POS predictions.
INFO:__main__:              precision    recall  f1-score   support

       -LRB-       1.00      0.82      0.90      3948
       -RRB-       0.99      0.85      0.92      3723
           ,       1.00      0.97      0.98     40524
           :       0.99      0.67      0.80      4683
           .       0.99      1.00      0.99     34116
          ''       0.99      0.97      0.98      6810
           #       1.00      1.00      1.00         0
          ``       1.00      0.90      0.95      7497
           $       0.98      0.98      0.98      1394
          CC       0.99      0.99      0.99     18206
          CD       0.95      0.90      0.92     34198
          DT       0.99      1.00      0.99     63209
          EX       0.98      0.99      0.98       718
          FW       0.35      0.05      0.09       785
          IN       0.91      0.98      0.95     79473
          JJ       0.93      0.85      0.89     50028
         JJR       0.92      0.92      0.92      1726
         JJS       0.97      0.91      0.94      1513
          LS       0.18      0.57      0.27       134
          MD       0.99      1.00      0.99      6678
          NN       0.91      0.96      0.93     94276
         NNP       0.93      0.92      0.93    105614
        NNPS       0.46      0.50      0.48      3144
         NNS       0.96      0.97      0.96     43054
         PDT       0.72      0.97      0.83       211
         POS       1.00      0.99      0.99      7407
         PRP       0.98      1.00      0.99     17214
        PRP$       1.00      1.00      1.00      7802
          RB       0.90      0.95      0.92     19819
         RBR       0.66      0.84      0.74       622
         RBS       0.65      0.94      0.77       284
          RP       0.83      0.88      0.85      2373
         SYM       0.51      0.16      0.24      1296
          TO       1.00      0.64      0.78     17556
          UH       0.10      0.20      0.13       181
          VB       0.96      0.96      0.96     20902
         VBD       0.96      0.96      0.96     33389
         VBG       0.94      0.96      0.95     13304
         VBN       0.89      0.91      0.90     17045
         VBP       0.91      0.94      0.92      8677
         VBZ       0.95      0.98      0.96     12764
         WDT       0.88      0.98      0.93      2659
          WP       0.97      0.99      0.98      2477
         WP$       1.00      1.00      1.00       136
         WRB       1.00      1.00      1.00      1905

   micro avg       0.94      0.94      0.94    793474
   macro avg       0.87      0.86      0.86    793474
weighted avg       0.94      0.94      0.94    793474

INFO:__main__:[INFO] Confusion Matrix for POS Predictions
INFO:__main__:[[ 3227     0     0     0     8     0     0     0     0     0     2    66
      0     0    73     0     0     0     1     0   165     7     0     1
      0     0    42     0     3     0     0     0     6     0     0     1
      0     0     0     4     0     4     0     0     0]
 [    0  3178     0     0     4     0     0     0     0     0     0    44
      0     0     3     0     0     0     0     0   281    14     0     5
      0     0    33     0     1     0     0     0     2     0     0     0
      0     0     0     1     0     9     0     0     0]
 [    0     0 39245     0    70     0     0     0     0     2     4   134
      0     0    92     0     0     0     2     0   447    27     0     1
      0     0    38     0     5     0     0     0    10     0     1     0
      0     0     0     0     0     6     0     0     0]
 [    0     0    71  3121   149    10     0     0     0    12    37    74
      0     0    56     1     0     0    16     0   204    12     0     0
      0     0    60     0     0     0     0     0   109     0     5     0
      0     0     0     5     0     0     0     0     0]
 [    0     0     0     0 33978     0     0     0     0     0    39     1
      0     0     0     0     0     0     0     0    39    28     0     2
      0     0     1     0     0     0     0     0     1     0     0     0
      0     0     0     0     7     0     0     0     0]
 [    0     0     0     0     1  6590     0     1     0     0     4     7
      0     0     0     0     0     0     0     0    33     0     0     0
      0     2     0     0     0     0     0     0     2     0     0     0
      0     0     0     0     0     0     0     0     0]
 [    0     0     0     0     0     0     0     0     0     0     0     0
      0     0     0     0     0     0     0     0     0     0     0     0
      0     0     0     0     0     0     0     0     0     0     0     0
      0     0     0     0     0     0     0     0     0]
 [    0     0     0     0     0     0     0  6728     0     0     0    16
      0     0     4     0     0     0     0     0    22     4     0     1
      0     0    12     0     0     0     0     0     1     0     0     0
      0     0     0     0     0     0     0     0     0]
 [    0     0     0     0     0     0     0     0  1372     0     1     0
      0     0     0     0     0     0     0     0     2    17     0     0
      0     0     0     0     0     0     0     0     0     0     0     1
      0     0     0     0     0     0     0     0     0]
 [    0     0     0     0     0     0     0     0     0 18108     0     7
      0     3    45     0     1     0     0     0     6     5     0     0
      0     0     0     0    21     0     0     0     0     0     0     0
      5     0     5     0     0     0     0     0     0]
 [    1     6    10    11    66     0     0     0     0     4 30760     1
      0     2     7    42     0     0   234     0   410  1655   487   257
      0     1     5     0    16     0     0     0    28     0     8     8
      9     4     2     3    46     0     0     0     0]
 [    0     0     0     0     0     0     0     0     0    59     0 62912
      0     0    52    11     0     0     0     0     2     5     0     0
     33     0    12     0   103     0     0     0     0     0     0     0
      0     0     0     0     0    20     0     0     0]
 [    0     0     0     0     0     0     0     0     0     0     0     0
    709     0     0     0     0     0     0     0     0     0     0     0
      0     0     0     0     9     0     0     0     0     0     0     0
      0     0     0     0     0     0     0     0     0]
 [    0     0     0     0     1     0     0     0     0     0     0     2
      0    39   175     4     0     0     0     0   257   280     0     6
      0     0     0     0     0     0     0     0     0     0     2     0
      0     0     2    10     4     0     0     0     0]
 [    0     0     0     0     0     0     0     0     0    38     2    48
      0    14 77870    24     1     0     0     0    12    31     0     0
      0     0     0     0   919     0     0   225     0     0     3     2
      1     1     5     0     0   277     0     0     0]
 [    0     1     0     0     0     0     0     0     4     0   741    22
      0     3   157 42769     5    12     8     0  2175  1929   151   100
     30     0     0    17   460     0     1     6     3     0   137    54
     62   383   733     9    22     0     0     0     0]
 [    0     0     0     0     0     0     0     0     0     0     0     0
      0     0     0     0  1590     0     0     0    18     0     0     0
      0     0     0     0     1   116     0     0     0     0     0     0
      0     0     1     0     0     0     0     0     0]
 [    0     0     0     0     0     0     0     0     0     0     0     0
      0     0     0     8     0  1378     0     0     2     0     0     0
      0     0     0     0     1     0   124     0     0     0     0     0
      0     0     0     0     0     0     0     0     0]
 [    0     0     0     0     0     0     0     0     0     0    20     0
      0     0     0     1     0     0    77     0    33     3     0     0
      0     0     0     0     0     0     0     0     0     0     0     0
      0     0     0     0     0     0     0     0     0]
 [    0     0     0     0     0     0     0     0     0     0     0     0
      0     0     0     0     0     0     0  6660     2     0     0     1
      0     0     0     0     1     0     0     0     0     0     0     0
      0     0     0    14     0     0     0     0     0]
 [    0     0     0     0     1     1     0     0     0     1   111     2
      0     5     3   975    28     2     0     5 90488  1149    25   261
      0     0     3     0   175     0     0     3     0     0    21   265
     34   340    76   204    10     0    52     0     0]
 [    0    11     3     2    11     6     0     3     2     9   552    66
      0    40    92  1456    12     2    89    23  2909 97575   852   720
      1     0    28     5   181     2     0     1    11     1   131   196
     69   117    57    47   247     0    13     0     0]
 [    0     0     0     0     0     0     0     0     0     0     2     0
      0     0     0     1     0     0     0     0     1  1406  1577   156
      0     0     0     0     0     0     0     0     0     0     0     0
      0     0     0     0     1     0     0     0     0]
 [    0     0     0     0     0     0     0     0    22     0    61     0
      0     0     1    28     0     1     0     0   245   288   325 41759
      0     1     4     0     9     0     0     2    18     0    13     3
      1    13    18     1   235     1     0     0     0]
 [    0     0     0     0     0     0     0     0     0     0     0     3
      0     0     0     0     0     0     0     0     0     0     0     0
    205     0     0     0     2     0     0     0     0     0     0     1
      0     0     0     0     0     0     0     0     0]
 [    0     0     0     0     0    21     0     2     0     0     0     0
      0     0     0     0     0     0     0     0     0    23     0     0
      0  7318    14     0     0     0     0     0     0     0     0     0
      0     0     0     0    29     0     0     0     0]
 [    0     0     0     0     0     0     0     0     0     0    18     0
      0     0     0     0     0     0     0     0     0     1     0     0
      0     0 17184     9     0     0     0     0     0     0     0     0
      0     0     0     0     2     0     0     0     0]
 [    0     0     0     0     0     0     0     0     0     0     0     0
      0     0     0     0     0     0     0     0     0     0     0     0
      0     0    14  7788     0     0     0     0     0     0     0     0
      0     0     0     0     0     0     0     0     0]
 [    0     0     0     0     0     0     0     0     0     9     5    29
     16     0   128   222    10     5     0     0   179    26     5     8
     16     0     1     0 18782   150    22   182     0     0    19     2
      0     0     1     1     0     1     0     0     0]
 [    0     0     0     0     0     0     0     0     0     0     0     0
      0     0     0     0    72     0     0     0     0     0     0     0
      0     0     0     0    27   523     0     0     0     0     0     0
      0     0     0     0     0     0     0     0     0]
 [    0     0     0     0     0     0     0     0     0     0     0     0
      0     0     0     0     0    14     0     0     2     0     0     0
      0     0     0     0     0     0   268     0     0     0     0     0
      0     0     0     0     0     0     0     0     0]
 [    0     0     0     0     0     0     0     0     0     0     0     0
      0     0   121     1     0     0     0     0     0     0     0     0
      0     0     0     0   165     0     0  2084     0     0     0     2
      0     0     0     0     0     0     0     0     0]
 [    0     0     0    22     4     0     0     1     0     0    13     3
      0     5    28     0     0     0     4    18   561   147     0    74
      0     0   149     0     0     0     0     0   202     0     3     6
      0     0     0    12     3     0     0     0     0]
 [    0     0     0     0     0     0     0     0     0     0     0     0
      0     0  6237     0     0     0     0     0     2     0     0     0
      0     0     0     0     0     0     0     0     0 11317     0     0
      0     0     0     0     0     0     0     0     0]
 [    0     0     0     0     0     0     0     0     0     0     1     2
      0     2     0     2     0     0     0     0    28    73     1    28
      0     0     0     0     2     0     0     0     0     0    37     2
      0     0     2     0     0     0     0     0     0]
 [    0     0     0     0     0     0     0     0     0     0     4     0
      0     0     1    36     0     0     0     4   187    68     0     1
      0     0     1     0     8     0     0     0     0     0     3 20076
     37     2     3   469     2     0     0     0     0]
 [    0     0     0     0     0     0     0     0     0     0     3     0
      0     0     2    30     0     0     0    13     6    41     0     7
      0     0     0     0     0     0     0     0     0     0     0    29
  32168     2  1024    37    27     0     0     0     0]
 [    0     0     0     0     0     0     0     0     0     0     0     0
      0     0     0    58     0     0     0     0   419     7     2     8
      0     0     0     0    11     0     0     0     0     0     0    15
      3 12781     0     0     0     0     0     0     0]
 [    0     0     0     0     0     0     0     0     0     0     2     0
      0     0     0   345     0     0     0     0    39     8     0     1
      0     0     0     0     1     0     0     0     0     0     0    10
   1075     1 15562     1     0     0     0     0     0]
 [    0     0     0     0     0     0     0     0     0     0     0     0
      0     0     3    11     0     0     0     0   213    27     0     0
      0     0     0     0     8     0     0     0     0     0     5   194
     82     0     3  8131     0     0     0     0     0]
 [    0     0     0     0     0     0     0     0     1     0     3     0
      0     0     0     4     0     0     0     0     4    15     1   205
      0    27     0     0     2     0     0     0     0     0     0     1
     36     0     7    10 12448     0     0     0     0]
 [    0     0     0     0     0     0     0     0     0     0     0    36
      0     0    30     0     0     0     0     0     0     0     0     0
      0     0     0     0     0     0     0     0     0     0     0     0
      0     0     0     0     0  2593     0     0     0]
 [    0     0     0     0     0     0     0     0     0     0     0     0
      0     0     0     0     0     0     0     0     0     0     0     0
      0     0     0     0     0     0     0     0     0     0     0     0
      0     0     0     0     0    23  2454     0     0]
 [    0     0     0     0     0     0     0     0     0     0     0     0
      0     0     0     0     0     0     0     0     0     0     0     0
      0     0     0     0     0     0     0     0     0     0     0     0
      0     0     0     0     0     0     0   136     0]
 [    0     0     0     0     0     0     0     0     0     0     0     0
      0     0     0     0     0     0     0     0     0     0     0     0
      0     0     0     0     0     0     0     0     0     0     0     0
      0     0     0     0     0     0     0     0  1905]]
INFO:__main__:[INFO] POS Weighted Micro Scores
INFO:__main__:POS Recall = 0.94
INFO:__main__:POS Precision = 0.944
INFO:__main__:POS F1 = 0.94
INFO:__main__:POS AUC = 0.971
INFO:__main__:
evaluate_pos_run executed in: 42.59191298484802 seconds

INFO:__main__:
write_conllu_gzip executed in: 0.7419116497039795 seconds

INFO:__main__:
get_file_len executed in: 0.10272216796875 seconds

INFO:__main__:
spacy_pos_tagger executed in: 876.3363811969757 seconds

INFO:__main__:
write_conllu_gzip executed in: 1.8039209842681885 seconds

INFO:__main__:
 [INFO] Running the SpaCy NER tagger for the model en_core_web_sm. 

INFO:__main__:
get_file_len executed in: 0.039084672927856445 seconds

INFO:__main__:
spacy_ner_tagger executed in: 280.31958413124084 seconds

INFO:__main__:
write_conllu_gzip executed in: 1.1796510219573975 seconds

INFO:__main__:[INFO] Classification report for NER predictions.
INFO:__main__:              precision    recall  f1-score   support

        DATE       0.68      0.97      0.80     13208
    DURATION       1.00      0.00      0.00        75
    LOCATION       1.00      0.00      0.00     29371
        MISC       1.00      0.00      0.00      8218
           O       1.00      1.00      1.00         0
       MONEY       0.90      0.93      0.91      4011
      NUMBER       1.00      0.00      0.00     22818
     ORDINAL       0.99      0.88      0.93      2448
ORGANIZATION       1.00      0.00      0.00     19622
     PERCENT       0.98      1.00      0.99      1468
      PERSON       0.90      0.85      0.87     29981
         SET       1.00      0.00      0.00         5
        TIME       0.25      0.58      0.35      1053

   micro avg       0.80      0.35      0.49    132278
   macro avg       0.90      0.48      0.45    132278
weighted avg       0.93      0.35      0.34    132278

INFO:__main__:[INFOR] Confusion Matrix for NER Predictions
INFO:__main__:[[12792     0     0     0     0     2     0    12     0     0    14     0
     96]
 [   55     0     0     0     0     0     0     1     0     0     8     0
     10]
 [   13     0     0     0     0    16     0     0     0     0   869     0
      0]
 [   35     0     0     0     0    19     0     0     0     0   347     0
      0]
 [    0     0     0     0     0     0     0     0     0     0     0     0
      0]
 [    2     0     0     0     0  3743     0     0     0     0     0     0
      0]
 [ 5323     0     0     0     0   399     0     4     0    30   373     0
   1725]
 [  240     0     0     0     0     2     0  2147     0     0     2     0
     30]
 [   15     0     0     0     0     1     0     6     0     0  1369     0
      0]
 [    0     0     0     0     0     0     0     0     0  1466     0     0
      0]
 [    8     0     0     0     0     0     0     0     0     0 25537     0
      0]
 [    5     0     0     0     0     0     0     0     0     0     0     0
      0]
 [  264     0     0     0     0     0     0     2     0     0     1     0
    616]]
INFO:__main__:[INFO] NER Weighted Micro Scores
INFO:__main__:NER Recall = 0.35
INFO:__main__:NER Precision = 0.935
INFO:__main__:NER F1 = 0.336
INFO:__main__:NER AUC = 0.874
INFO:__main__:
evaluate_ner_run executed in: 11.324939012527466 seconds

INFO:__main__:
 [INFO] Running the SpaCy NER tagger for the model en_core_web_sm with tag correction. 

INFO:__main__:
fix_default_ner_tags executed in: 0.8619880676269531 seconds

INFO:__main__:
write_conllu_gzip executed in: 1.2679049968719482 seconds

INFO:__main__:[INFO] Classification report for NER predictions.
INFO:__main__:              precision    recall  f1-score   support

        DATE       0.68      0.98      0.81     13019
    DURATION       1.00      0.00      0.00        74
    LOCATION       0.91      0.82      0.86     29368
        MISC       0.58      0.77      0.66      8213
           O       1.00      1.00      1.00         0
       MONEY       0.90      1.00      0.94      3747
      NUMBER       1.00      0.00      0.00      8455
     ORDINAL       0.99      0.88      0.93      2436
ORGANIZATION       0.73      0.83      0.78     19620
     PERCENT       0.98      1.00      0.99      1466
      PERSON       0.90      0.85      0.87     29979
         SET       1.00      0.00      0.00         5
        TIME       0.25      0.70      0.37       883

    accuracy                           0.79    117265
   macro avg       0.84      0.68      0.63    117265
weighted avg       0.83      0.79      0.77    117265

INFO:__main__:[INFOR] Confusion Matrix for NER Predictions
INFO:__main__:[[12792     0    10    69     0     2     0    12    24     0    14     0
     96]
 [   55     0     0     0     0     0     0     1     0     0     8     0
     10]
 [   13     0 23999  2848     0    16     0     0  1623     0   869     0
      0]
 [   35     0   424  6360     0    19     0     0  1028     0   347     0
      0]
 [    0     0     0     0     0     0     0     0     0     0     0     0
      0]
 [    2     0     0     0     0  3743     0     0     2     0     0     0
      0]
 [ 5323     0    24   352     0   399     0     4   225    30   373     0
   1725]
 [  240     0     0     6     0     2     0  2147     9     0     2     0
     30]
 [   15     0  1062   919     0     1     0     6 16248     0  1369     0
      0]
 [    0     0     0     0     0     0     0     0     0  1466     0     0
      0]
 [    8     0   863   449     0     0     0     0  3122     0 25537     0
      0]
 [    5     0     0     0     0     0     0     0     0     0     0     0
      0]
 [  264     0     0     0     0     0     0     2     0     0     1     0
    616]]
INFO:__main__:[INFO] NER Weighted Micro Scores
INFO:__main__:NER Recall = 0.792
INFO:__main__:NER Precision = 0.831
INFO:__main__:NER F1 = 0.769
INFO:__main__:NER AUC = 0.887
INFO:__main__:
evaluate_ner_run executed in: 6.944997072219849 seconds

INFO:__main__:
 [INFO] Running the SpaCy NER tagger for the model en_core_web_sm for holdout set. 

INFO:__main__:
get_file_len executed in: 0.3013150691986084 seconds

INFO:__main__:
spacy_ner_tagger executed in: 691.5497081279755 seconds

INFO:__main__:
write_conllu_gzip executed in: 3.3869121074676514 seconds

INFO:__main__:
 [INFO] Running the SpaCy NER tagger for the model en_core_web_sm for holdout set. 

INFO:__main__:
fix_default_ner_tags executed in: 2.050076723098755 seconds

INFO:__main__:
write_conllu_gzip executed in: 3.1793179512023926 seconds

INFO:__main__:
 Running my NER tagger. 

INFO:__main__:
get_file_len executed in: 0.03847670555114746 seconds

INFO:__main__:
spacy_ner_tagger executed in: 89.96774888038635 seconds

INFO:__main__:
write_conllu_gzip executed in: 1.1551671028137207 seconds

INFO:__main__:[INFO] Classification report for NER predictions.
INFO:__main__:              precision    recall  f1-score   support

        DATE       0.99      0.97      0.98     13015
    DURATION       1.00      0.12      0.22        41
    LOCATION       0.94      0.94      0.94     29932
        MISC       0.88      0.86      0.87      8682
           O       1.00      1.00      1.00         0
       MONEY       0.99      0.98      0.99      4710
      NUMBER       0.98      0.99      0.99     27624
     ORDINAL       0.99      0.98      0.98      2458
ORGANIZATION       0.93      0.92      0.92     21294
     PERCENT       0.99      1.00      0.99      1470
      PERSON       0.96      0.97      0.97     31679
         SET       1.00      0.00      0.00         1
        TIME       0.99      1.00      0.99      1325

    accuracy                           0.96    142231
   macro avg       0.97      0.83      0.83    142231
weighted avg       0.96      0.96      0.96    142231

INFO:__main__:[INFOR] Confusion Matrix for NER Predictions
INFO:__main__:[[12662     0     3     9     0     1   312    19     4     0     1     0
      4]
 [    0     5     0     4     0     0    30     1     0     0     0     0
      1]
 [    1     0 28234   749     0     8     2     0   596     0   342     0
      0]
 [    2     0   598  7498     0     5     9     4   441     0   125     0
      0]
 [    0     0     0     0     0     0     0     0     0     0     0     0
      0]
 [    0     0     0     3     0  4607   100     0     0     0     0     0
      0]
 [   96     0     0     9     0    19 27453     8    10    15     2     0
     12]
 [   35     0     0     4     0     0    13  2399     7     0     0     0
      0]
 [    1     0   746   172     0     0     9     2 19530     0   834     0
      0]
 [    0     0     0     0     0     0     0     0     0  1470     0     0
      0]
 [    1     0   412    83     0     0     0     0   364     0 30819     0
      0]
 [    0     0     0     0     0     0     1     0     0     0     0     0
      0]
 [    3     0     0     0     0     0     1     0     0     0     0     0
   1321]]
INFO:__main__:[INFO] NER Weighted Micro Scores
INFO:__main__:NER Recall = 0.956
INFO:__main__:NER Precision = 0.956
INFO:__main__:NER F1 = 0.956
INFO:__main__:NER AUC = 0.976
INFO:__main__:
evaluate_ner_run executed in: 7.5520689487457275 seconds

INFO:__main__:
get_file_len executed in: 0.08075594902038574 seconds

INFO:__main__:
spacy_ner_tagger executed in: 244.3546211719513 seconds

INFO:__main__:
write_conllu_gzip executed in: 3.354416847229004 seconds

